<?xml version="1.0" encoding="UTF-8" ?>
<testsuite tests="9" failures="3" name="TestSuite" time="81.137" errors="0" skipped="0">
  <properties>
[...]
</properties>
  <testcase classname="com.crm.qa.testcases.ContactsPageTest" name="verifyFlightsPageLabel" time="0.099"/>
  <testcase classname="com.crm.qa.testcases.ContactsPageTest" name="selectSingleContactsTest" time="24.786">
    <failure message="Expected condition failed: waiting for visibility of element located by By.xpath: //a[text()=&apos;Sank Mehra&apos;]//parent::td//preceding-sibling::td/div/input[@class=&apos;hidden&apos;] (tried for 20 second(s) with 500 milliseconds interval)
Build info: version: &apos;3.141.59&apos;, revision: &apos;e82be7d358&apos;, time: &apos;2018-11-14T08:17:03&apos;
System info: host: &apos;LAPTOP-2EQAN3L4&apos;, ip: &apos;192.168.29.45&apos;, os.name: &apos;Windows 10&apos;, os.arch: &apos;amd64&apos;, os.version: &apos;10.0&apos;, java.version: &apos;1.8.0_291&apos;
Driver info: org.openqa.selenium.support.events.EventFiringWebDriver
Capabilities {acceptInsecureCerts: false, browserName: chrome, browserVersion: 90.0.4430.212, chrome: {chromedriverVersion: 90.0.4430.24 (4c6d850f087da..., userDataDir: C:\Users\sanka\AppData\Loca...}, goog:chromeOptions: {debuggerAddress: localhost:59110}, javascriptEnabled: true, networkConnectionEnabled: false, pageLoadStrategy: normal, platform: WINDOWS, platformName: WINDOWS, proxy: Proxy(), setWindowRect: true, strictFileInteractability: false, timeouts: {implicit: 0, pageLoad: 300000, script: 30000}, unhandledPromptBehavior: dismiss and notify, webauthn:extension:largeBlob: true, webauthn:virtualAuthenticators: true}
Session ID: dfd6d781eda6e865b38f1ec5303e310f" type="org.openqa.selenium.TimeoutException">org.openqa.selenium.TimeoutException: Expected condition failed: waiting for visibility of element located by By.xpath: //a[text()=&apos;Sank Mehra&apos;]//parent::td//preceding-sibling::td/div/input[@class=&apos;hidden&apos;] (tried for 20 second(s) with 500 milliseconds interval)
Build info: version: &apos;3.141.59&apos;, revision: &apos;e82be7d358&apos;, time: &apos;2018-11-14T08:17:03&apos;
System info: host: &apos;LAPTOP-2EQAN3L4&apos;, ip: &apos;192.168.29.45&apos;, os.name: &apos;Windows 10&apos;, os.arch: &apos;amd64&apos;, os.version: &apos;10.0&apos;, java.version: &apos;1.8.0_291&apos;
Driver info: org.openqa.selenium.support.events.EventFiringWebDriver
Capabilities {acceptInsecureCerts: false, browserName: chrome, browserVersion: 90.0.4430.212, chrome: {chromedriverVersion: 90.0.4430.24 (4c6d850f087da..., userDataDir: C:\Users\sanka\AppData\Loca...}, goog:chromeOptions: {debuggerAddress: localhost:59110}, javascriptEnabled: true, networkConnectionEnabled: false, pageLoadStrategy: normal, platform: WINDOWS, platformName: WINDOWS, proxy: Proxy(), setWindowRect: true, strictFileInteractability: false, timeouts: {implicit: 0, pageLoad: 300000, script: 30000}, unhandledPromptBehavior: dismiss and notify, webauthn:extension:largeBlob: true, webauthn:virtualAuthenticators: true}
Session ID: dfd6d781eda6e865b38f1ec5303e310f
	at org.openqa.selenium.support.ui.WebDriverWait.timeoutException(WebDriverWait.java:95)
	at org.openqa.selenium.support.ui.FluentWait.until(FluentWait.java:272)
	at com.crm.qa.pages.ContactsPage.selectContactsByName(ContactsPage.java:51)
	at com.crm.qa.testcases.ContactsPageTest.selectSingleContactsTest(ContactsPageTest.java:66)
</failure>
    <system-out>05-21-2021 13:30:01 TestBase.java INFO  [main] base.TestBase 56 - Launching borwser
Before navigating to: &apos;https://ui.cogmento.com/&apos;
Navigated to:&apos;https://ui.cogmento.com/&apos;
05-21-2021 13:30:03 TestBase.java INFO  [main] base.TestBase 72 - Launching URL
Trying to find Element By : By.xpath: //input[@name=&apos;email&apos;]
Found Element By : By.xpath: //input[@name=&apos;email&apos;]
Trying to find Element By : By.xpath: //input[@name=&apos;password&apos;]
Found Element By : By.xpath: //input[@name=&apos;password&apos;]
Trying to find Element By : By.xpath: //div[@class=&apos;ui fluid large blue submit button&apos;]
Found Element By : By.xpath: //div[@class=&apos;ui fluid large blue submit button&apos;]
Trying to click on: [[ChromeDriver: chrome on WINDOWS (dfd6d781eda6e865b38f1ec5303e310f)] -&gt; xpath: //div[@class=&apos;ui fluid large blue submit button&apos;]]
Clicked on: [[ChromeDriver: chrome on WINDOWS (dfd6d781eda6e865b38f1ec5303e310f)] -&gt; xpath: //div[@class=&apos;ui fluid large blue submit button&apos;]]
Trying to find Element By : By.xpath: //span[@class=&apos;item-text&apos; and text()=&apos;Contacts&apos;]
Found Element By : By.xpath: //span[@class=&apos;item-text&apos; and text()=&apos;Contacts&apos;]
Trying to find Element By : By.xpath: //span[@class=&apos;item-text&apos; and text()=&apos;Contacts&apos;]
Found Element By : By.xpath: //span[@class=&apos;item-text&apos; and text()=&apos;Contacts&apos;]
Trying to click on: [[ChromeDriver: chrome on WINDOWS (dfd6d781eda6e865b38f1ec5303e310f)] -&gt; xpath: //span[@class=&apos;item-text&apos; and text()=&apos;Contacts&apos;]]
Clicked on: [[ChromeDriver: chrome on WINDOWS (dfd6d781eda6e865b38f1ec5303e310f)] -&gt; xpath: //span[@class=&apos;item-text&apos; and text()=&apos;Contacts&apos;]]
Trying to find Element By : By.xpath: //button[text()=&apos;Show Filters&apos;]
Found Element By : By.xpath: //button[text()=&apos;Show Filters&apos;]
Trying to find Element By : By.xpath: //a[text()=&apos;Sank Mehra&apos;]
Found Element By : By.xpath: //a[text()=&apos;Sank Mehra&apos;]
Trying to find Element By : By.xpath: //a[text()=&apos;Sank Mehra&apos;]//parent::td//preceding-sibling::td/div/input[@class=&apos;hidden&apos;]
Found Element By : By.xpath: //a[text()=&apos;Sank Mehra&apos;]//parent::td//preceding-sibling::td/div/input[@class=&apos;hidden&apos;]
Trying to find Element By : By.xpath: //a[text()=&apos;Sank Mehra&apos;]//parent::td//preceding-sibling::td/div/input[@class=&apos;hidden&apos;]
Found Element By : By.xpath: //a[text()=&apos;Sank Mehra&apos;]//parent::td//preceding-sibling::td/div/input[@class=&apos;hidden&apos;]
Trying to find Element By : By.xpath: //a[text()=&apos;Sank Mehra&apos;]//parent::td//preceding-sibling::td/div/input[@class=&apos;hidden&apos;]
Found Element By : By.xpath: //a[text()=&apos;Sank Mehra&apos;]//parent::td//preceding-sibling::td/div/input[@class=&apos;hidden&apos;]
Trying to find Element By : By.xpath: //a[text()=&apos;Sank Mehra&apos;]//parent::td//preceding-sibling::td/div/input[@class=&apos;hidden&apos;]
Found Element By : By.xpath: //a[text()=&apos;Sank Mehra&apos;]//parent::td//preceding-sibling::td/div/input[@class=&apos;hidden&apos;]
Trying to find Element By : By.xpath: //a[text()=&apos;Sank Mehra&apos;]//parent::td//preceding-sibling::td/div/input[@class=&apos;hidden&apos;]
Found Element By : By.xpath: //a[text()=&apos;Sank Mehra&apos;]//parent::td//preceding-sibling::td/div/input[@class=&apos;hidden&apos;]
Trying to find Element By : By.xpath: //a[text()=&apos;Sank Mehra&apos;]//parent::td//preceding-sibling::td/div/input[@class=&apos;hidden&apos;]
Found Element By : By.xpath: //a[text()=&apos;Sank Mehra&apos;]//parent::td//preceding-sibling::td/div/input[@class=&apos;hidden&apos;]
Trying to find Element By : By.xpath: //a[text()=&apos;Sank Mehra&apos;]//parent::td//preceding-sibling::td/div/input[@class=&apos;hidden&apos;]
Found Element By : By.xpath: //a[text()=&apos;Sank Mehra&apos;]//parent::td//preceding-sibling::td/div/input[@class=&apos;hidden&apos;]
Trying to find Element By : By.xpath: //a[text()=&apos;Sank Mehra&apos;]//parent::td//preceding-sibling::td/div/input[@class=&apos;hidden&apos;]
Found Element By : By.xpath: //a[text()=&apos;Sank Mehra&apos;]//parent::td//preceding-sibling::td/div/input[@class=&apos;hidden&apos;]
Trying to find Element By : By.xpath: //a[text()=&apos;Sank Mehra&apos;]//parent::td//preceding-sibling::td/div/input[@class=&apos;hidden&apos;]
Found Element By : By.xpath: //a[text()=&apos;Sank Mehra&apos;]//parent::td//preceding-sibling::td/div/input[@class=&apos;hidden&apos;]
Trying to find Element By : By.xpath: //a[text()=&apos;Sank Mehra&apos;]//parent::td//preceding-sibling::td/div/input[@class=&apos;hidden&apos;]
Found Element By : By.xpath: //a[text()=&apos;Sank Mehra&apos;]//parent::td//preceding-sibling::td/div/input[@class=&apos;hidden&apos;]
Trying to find Element By : By.xpath: //a[text()=&apos;Sank Mehra&apos;]//parent::td//preceding-sibling::td/div/input[@class=&apos;hidden&apos;]
Found Element By : By.xpath: //a[text()=&apos;Sank Mehra&apos;]//parent::td//preceding-sibling::td/div/input[@class=&apos;hidden&apos;]
Trying to find Element By : By.xpath: //a[text()=&apos;Sank Mehra&apos;]//parent::td//preceding-sibling::td/div/input[@class=&apos;hidden&apos;]
Found Element By : By.xpath: //a[text()=&apos;Sank Mehra&apos;]//parent::td//preceding-sibling::td/div/input[@class=&apos;hidden&apos;]
Trying to find Element By : By.xpath: //a[text()=&apos;Sank Mehra&apos;]//parent::td//preceding-sibling::td/div/input[@class=&apos;hidden&apos;]
Found Element By : By.xpath: //a[text()=&apos;Sank Mehra&apos;]//parent::td//preceding-sibling::td/div/input[@class=&apos;hidden&apos;]
Trying to find Element By : By.xpath: //a[text()=&apos;Sank Mehra&apos;]//parent::td//preceding-sibling::td/div/input[@class=&apos;hidden&apos;]
Found Element By : By.xpath: //a[text()=&apos;Sank Mehra&apos;]//parent::td//preceding-sibling::td/div/input[@class=&apos;hidden&apos;]
Trying to find Element By : By.xpath: //a[text()=&apos;Sank Mehra&apos;]//parent::td//preceding-sibling::td/div/input[@class=&apos;hidden&apos;]
Found Element By : By.xpath: //a[text()=&apos;Sank Mehra&apos;]//parent::td//preceding-sibling::td/div/input[@class=&apos;hidden&apos;]
Trying to find Element By : By.xpath: //a[text()=&apos;Sank Mehra&apos;]//parent::td//preceding-sibling::td/div/input[@class=&apos;hidden&apos;]
Found Element By : By.xpath: //a[text()=&apos;Sank Mehra&apos;]//parent::td//preceding-sibling::td/div/input[@class=&apos;hidden&apos;]
Trying to find Element By : By.xpath: //a[text()=&apos;Sank Mehra&apos;]//parent::td//preceding-sibling::td/div/input[@class=&apos;hidden&apos;]
Found Element By : By.xpath: //a[text()=&apos;Sank Mehra&apos;]//parent::td//preceding-sibling::td/div/input[@class=&apos;hidden&apos;]
Trying to find Element By : By.xpath: //a[text()=&apos;Sank Mehra&apos;]//parent::td//preceding-sibling::td/div/input[@class=&apos;hidden&apos;]
Found Element By : By.xpath: //a[text()=&apos;Sank Mehra&apos;]//parent::td//preceding-sibling::td/div/input[@class=&apos;hidden&apos;]
Trying to find Element By : By.xpath: //a[text()=&apos;Sank Mehra&apos;]//parent::td//preceding-sibling::td/div/input[@class=&apos;hidden&apos;]
Found Element By : By.xpath: //a[text()=&apos;Sank Mehra&apos;]//parent::td//preceding-sibling::td/div/input[@class=&apos;hidden&apos;]
Trying to find Element By : By.xpath: //a[text()=&apos;Sank Mehra&apos;]//parent::td//preceding-sibling::td/div/input[@class=&apos;hidden&apos;]
Found Element By : By.xpath: //a[text()=&apos;Sank Mehra&apos;]//parent::td//preceding-sibling::td/div/input[@class=&apos;hidden&apos;]
Trying to find Element By : By.xpath: //a[text()=&apos;Sank Mehra&apos;]//parent::td//preceding-sibling::td/div/input[@class=&apos;hidden&apos;]
Found Element By : By.xpath: //a[text()=&apos;Sank Mehra&apos;]//parent::td//preceding-sibling::td/div/input[@class=&apos;hidden&apos;]
Trying to find Element By : By.xpath: //a[text()=&apos;Sank Mehra&apos;]//parent::td//preceding-sibling::td/div/input[@class=&apos;hidden&apos;]
Found Element By : By.xpath: //a[text()=&apos;Sank Mehra&apos;]//parent::td//preceding-sibling::td/div/input[@class=&apos;hidden&apos;]
Trying to find Element By : By.xpath: //a[text()=&apos;Sank Mehra&apos;]//parent::td//preceding-sibling::td/div/input[@class=&apos;hidden&apos;]
Found Element By : By.xpath: //a[text()=&apos;Sank Mehra&apos;]//parent::td//preceding-sibling::td/div/input[@class=&apos;hidden&apos;]
Trying to find Element By : By.xpath: //a[text()=&apos;Sank Mehra&apos;]//parent::td//preceding-sibling::td/div/input[@class=&apos;hidden&apos;]
Found Element By : By.xpath: //a[text()=&apos;Sank Mehra&apos;]//parent::td//preceding-sibling::td/div/input[@class=&apos;hidden&apos;]
Trying to find Element By : By.xpath: //a[text()=&apos;Sank Mehra&apos;]//parent::td//preceding-sibling::td/div/input[@class=&apos;hidden&apos;]
Found Element By : By.xpath: //a[text()=&apos;Sank Mehra&apos;]//parent::td//preceding-sibling::td/div/input[@class=&apos;hidden&apos;]
Trying to find Element By : By.xpath: //a[text()=&apos;Sank Mehra&apos;]//parent::td//preceding-sibling::td/div/input[@class=&apos;hidden&apos;]
Found Element By : By.xpath: //a[text()=&apos;Sank Mehra&apos;]//parent::td//preceding-sibling::td/div/input[@class=&apos;hidden&apos;]
Trying to find Element By : By.xpath: //a[text()=&apos;Sank Mehra&apos;]//parent::td//preceding-sibling::td/div/input[@class=&apos;hidden&apos;]
Found Element By : By.xpath: //a[text()=&apos;Sank Mehra&apos;]//parent::td//preceding-sibling::td/div/input[@class=&apos;hidden&apos;]
Trying to find Element By : By.xpath: //a[text()=&apos;Sank Mehra&apos;]//parent::td//preceding-sibling::td/div/input[@class=&apos;hidden&apos;]
Found Element By : By.xpath: //a[text()=&apos;Sank Mehra&apos;]//parent::td//preceding-sibling::td/div/input[@class=&apos;hidden&apos;]
Trying to find Element By : By.xpath: //a[text()=&apos;Sank Mehra&apos;]//parent::td//preceding-sibling::td/div/input[@class=&apos;hidden&apos;]
Found Element By : By.xpath: //a[text()=&apos;Sank Mehra&apos;]//parent::td//preceding-sibling::td/div/input[@class=&apos;hidden&apos;]
Trying to find Element By : By.xpath: //a[text()=&apos;Sank Mehra&apos;]//parent::td//preceding-sibling::td/div/input[@class=&apos;hidden&apos;]
Found Element By : By.xpath: //a[text()=&apos;Sank Mehra&apos;]//parent::td//preceding-sibling::td/div/input[@class=&apos;hidden&apos;]
Trying to find Element By : By.xpath: //a[text()=&apos;Sank Mehra&apos;]//parent::td//preceding-sibling::td/div/input[@class=&apos;hidden&apos;]
Found Element By : By.xpath: //a[text()=&apos;Sank Mehra&apos;]//parent::td//preceding-sibling::td/div/input[@class=&apos;hidden&apos;]
Trying to find Element By : By.xpath: //a[text()=&apos;Sank Mehra&apos;]//parent::td//preceding-sibling::td/div/input[@class=&apos;hidden&apos;]
Found Element By : By.xpath: //a[text()=&apos;Sank Mehra&apos;]//parent::td//preceding-sibling::td/div/input[@class=&apos;hidden&apos;]
Trying to find Element By : By.xpath: //a[text()=&apos;Sank Mehra&apos;]//parent::td//preceding-sibling::td/div/input[@class=&apos;hidden&apos;]
Found Element By : By.xpath: //a[text()=&apos;Sank Mehra&apos;]//parent::td//preceding-sibling::td/div/input[@class=&apos;hidden&apos;]
Trying to find Element By : By.xpath: //a[text()=&apos;Sank Mehra&apos;]//parent::td//preceding-sibling::td/div/input[@class=&apos;hidden&apos;]
Found Element By : By.xpath: //a[text()=&apos;Sank Mehra&apos;]//parent::td//preceding-sibling::td/div/input[@class=&apos;hidden&apos;]
Trying to find Element By : By.xpath: //a[text()=&apos;Sank Mehra&apos;]//parent::td//preceding-sibling::td/div/input[@class=&apos;hidden&apos;]
Found Element By : By.xpath: //a[text()=&apos;Sank Mehra&apos;]//parent::td//preceding-sibling::td/div/input[@class=&apos;hidden&apos;]
Trying to find Element By : By.xpath: //a[text()=&apos;Sank Mehra&apos;]//parent::td//preceding-sibling::td/div/input[@class=&apos;hidden&apos;]
Found Element By : By.xpath: //a[text()=&apos;Sank Mehra&apos;]//parent::td//preceding-sibling::td/div/input[@class=&apos;hidden&apos;]
Trying to find Element By : By.xpath: //a[text()=&apos;Sank Mehra&apos;]//parent::td//preceding-sibling::td/div/input[@class=&apos;hidden&apos;]
Found Element By : By.xpath: //a[text()=&apos;Sank Mehra&apos;]//parent::td//preceding-sibling::td/div/input[@class=&apos;hidden&apos;]
Trying to find Element By : By.xpath: //a[text()=&apos;Sank Mehra&apos;]//parent::td//preceding-sibling::td/div/input[@class=&apos;hidden&apos;]
Found Element By : By.xpath: //a[text()=&apos;Sank Mehra&apos;]//parent::td//preceding-sibling::td/div/input[@class=&apos;hidden&apos;]
</system-out>
    <system-err>Starting ChromeDriver 90.0.4430.24 (4c6d850f087da467d926e8eddb76550aed655991-refs/branch-heads/4430@{#429}) on port 22475
Only local connections are allowed.
Please see https://chromedriver.chromium.org/security-considerations for suggestions on keeping ChromeDriver safe.
ChromeDriver was started successfully.
May 21, 2021 1:30:01 PM org.openqa.selenium.remote.ProtocolHandshake createSession
INFO: Detected dialect: W3C
</system-err>
  </testcase>
  <testcase classname="com.crm.qa.testcases.ContactsPageTest" name="selectMultipleContactsTest" time="24.483">
    <failure message="Expected condition failed: waiting for visibility of element located by By.xpath: //a[text()=&apos;Sank Mehra&apos;]//parent::td//preceding-sibling::td/div/input[@class=&apos;hidden&apos;] (tried for 20 second(s) with 500 milliseconds interval)
Build info: version: &apos;3.141.59&apos;, revision: &apos;e82be7d358&apos;, time: &apos;2018-11-14T08:17:03&apos;
System info: host: &apos;LAPTOP-2EQAN3L4&apos;, ip: &apos;192.168.29.45&apos;, os.name: &apos;Windows 10&apos;, os.arch: &apos;amd64&apos;, os.version: &apos;10.0&apos;, java.version: &apos;1.8.0_291&apos;
Driver info: org.openqa.selenium.support.events.EventFiringWebDriver
Capabilities {acceptInsecureCerts: false, browserName: chrome, browserVersion: 90.0.4430.212, chrome: {chromedriverVersion: 90.0.4430.24 (4c6d850f087da..., userDataDir: C:\Users\sanka\AppData\Loca...}, goog:chromeOptions: {debuggerAddress: localhost:59186}, javascriptEnabled: true, networkConnectionEnabled: false, pageLoadStrategy: normal, platform: WINDOWS, platformName: WINDOWS, proxy: Proxy(), setWindowRect: true, strictFileInteractability: false, timeouts: {implicit: 0, pageLoad: 300000, script: 30000}, unhandledPromptBehavior: dismiss and notify, webauthn:extension:largeBlob: true, webauthn:virtualAuthenticators: true}
Session ID: 23f5bbc99f6b3f7f8c380d60927567b6" type="org.openqa.selenium.TimeoutException">org.openqa.selenium.TimeoutException: Expected condition failed: waiting for visibility of element located by By.xpath: //a[text()=&apos;Sank Mehra&apos;]//parent::td//preceding-sibling::td/div/input[@class=&apos;hidden&apos;] (tried for 20 second(s) with 500 milliseconds interval)
Build info: version: &apos;3.141.59&apos;, revision: &apos;e82be7d358&apos;, time: &apos;2018-11-14T08:17:03&apos;
System info: host: &apos;LAPTOP-2EQAN3L4&apos;, ip: &apos;192.168.29.45&apos;, os.name: &apos;Windows 10&apos;, os.arch: &apos;amd64&apos;, os.version: &apos;10.0&apos;, java.version: &apos;1.8.0_291&apos;
Driver info: org.openqa.selenium.support.events.EventFiringWebDriver
Capabilities {acceptInsecureCerts: false, browserName: chrome, browserVersion: 90.0.4430.212, chrome: {chromedriverVersion: 90.0.4430.24 (4c6d850f087da..., userDataDir: C:\Users\sanka\AppData\Loca...}, goog:chromeOptions: {debuggerAddress: localhost:59186}, javascriptEnabled: true, networkConnectionEnabled: false, pageLoadStrategy: normal, platform: WINDOWS, platformName: WINDOWS, proxy: Proxy(), setWindowRect: true, strictFileInteractability: false, timeouts: {implicit: 0, pageLoad: 300000, script: 30000}, unhandledPromptBehavior: dismiss and notify, webauthn:extension:largeBlob: true, webauthn:virtualAuthenticators: true}
Session ID: 23f5bbc99f6b3f7f8c380d60927567b6
	at org.openqa.selenium.support.ui.WebDriverWait.timeoutException(WebDriverWait.java:95)
	at org.openqa.selenium.support.ui.FluentWait.until(FluentWait.java:272)
	at com.crm.qa.pages.ContactsPage.selectContactsByName(ContactsPage.java:51)
	at com.crm.qa.testcases.ContactsPageTest.selectMultipleContactsTest(ContactsPageTest.java:72)
</failure>
    <system-out>05-21-2021 13:30:36 TestBase.java INFO  [main] base.TestBase 56 - Launching borwser
Before navigating to: &apos;https://ui.cogmento.com/&apos;
Navigated to:&apos;https://ui.cogmento.com/&apos;
05-21-2021 13:30:38 TestBase.java INFO  [main] base.TestBase 72 - Launching URL
Trying to find Element By : By.xpath: //input[@name=&apos;email&apos;]
Found Element By : By.xpath: //input[@name=&apos;email&apos;]
Trying to find Element By : By.xpath: //input[@name=&apos;password&apos;]
Found Element By : By.xpath: //input[@name=&apos;password&apos;]
Trying to find Element By : By.xpath: //div[@class=&apos;ui fluid large blue submit button&apos;]
Found Element By : By.xpath: //div[@class=&apos;ui fluid large blue submit button&apos;]
Trying to click on: [[ChromeDriver: chrome on WINDOWS (23f5bbc99f6b3f7f8c380d60927567b6)] -&gt; xpath: //div[@class=&apos;ui fluid large blue submit button&apos;]]
Clicked on: [[ChromeDriver: chrome on WINDOWS (23f5bbc99f6b3f7f8c380d60927567b6)] -&gt; xpath: //div[@class=&apos;ui fluid large blue submit button&apos;]]
Trying to find Element By : By.xpath: //span[@class=&apos;item-text&apos; and text()=&apos;Contacts&apos;]
Found Element By : By.xpath: //span[@class=&apos;item-text&apos; and text()=&apos;Contacts&apos;]
Trying to find Element By : By.xpath: //span[@class=&apos;item-text&apos; and text()=&apos;Contacts&apos;]
Found Element By : By.xpath: //span[@class=&apos;item-text&apos; and text()=&apos;Contacts&apos;]
Trying to click on: [[ChromeDriver: chrome on WINDOWS (23f5bbc99f6b3f7f8c380d60927567b6)] -&gt; xpath: //span[@class=&apos;item-text&apos; and text()=&apos;Contacts&apos;]]
Clicked on: [[ChromeDriver: chrome on WINDOWS (23f5bbc99f6b3f7f8c380d60927567b6)] -&gt; xpath: //span[@class=&apos;item-text&apos; and text()=&apos;Contacts&apos;]]
Trying to find Element By : By.xpath: //button[text()=&apos;Show Filters&apos;]
Found Element By : By.xpath: //button[text()=&apos;Show Filters&apos;]
Trying to find Element By : By.xpath: //a[text()=&apos;Sank Mehra&apos;]
Found Element By : By.xpath: //a[text()=&apos;Sank Mehra&apos;]
Trying to find Element By : By.xpath: //a[text()=&apos;Sank Mehra&apos;]//parent::td//preceding-sibling::td/div/input[@class=&apos;hidden&apos;]
Found Element By : By.xpath: //a[text()=&apos;Sank Mehra&apos;]//parent::td//preceding-sibling::td/div/input[@class=&apos;hidden&apos;]
Trying to find Element By : By.xpath: //a[text()=&apos;Sank Mehra&apos;]//parent::td//preceding-sibling::td/div/input[@class=&apos;hidden&apos;]
Found Element By : By.xpath: //a[text()=&apos;Sank Mehra&apos;]//parent::td//preceding-sibling::td/div/input[@class=&apos;hidden&apos;]
Trying to find Element By : By.xpath: //a[text()=&apos;Sank Mehra&apos;]//parent::td//preceding-sibling::td/div/input[@class=&apos;hidden&apos;]
Found Element By : By.xpath: //a[text()=&apos;Sank Mehra&apos;]//parent::td//preceding-sibling::td/div/input[@class=&apos;hidden&apos;]
Trying to find Element By : By.xpath: //a[text()=&apos;Sank Mehra&apos;]//parent::td//preceding-sibling::td/div/input[@class=&apos;hidden&apos;]
Found Element By : By.xpath: //a[text()=&apos;Sank Mehra&apos;]//parent::td//preceding-sibling::td/div/input[@class=&apos;hidden&apos;]
Trying to find Element By : By.xpath: //a[text()=&apos;Sank Mehra&apos;]//parent::td//preceding-sibling::td/div/input[@class=&apos;hidden&apos;]
Found Element By : By.xpath: //a[text()=&apos;Sank Mehra&apos;]//parent::td//preceding-sibling::td/div/input[@class=&apos;hidden&apos;]
Trying to find Element By : By.xpath: //a[text()=&apos;Sank Mehra&apos;]//parent::td//preceding-sibling::td/div/input[@class=&apos;hidden&apos;]
Found Element By : By.xpath: //a[text()=&apos;Sank Mehra&apos;]//parent::td//preceding-sibling::td/div/input[@class=&apos;hidden&apos;]
Trying to find Element By : By.xpath: //a[text()=&apos;Sank Mehra&apos;]//parent::td//preceding-sibling::td/div/input[@class=&apos;hidden&apos;]
Found Element By : By.xpath: //a[text()=&apos;Sank Mehra&apos;]//parent::td//preceding-sibling::td/div/input[@class=&apos;hidden&apos;]
Trying to find Element By : By.xpath: //a[text()=&apos;Sank Mehra&apos;]//parent::td//preceding-sibling::td/div/input[@class=&apos;hidden&apos;]
Found Element By : By.xpath: //a[text()=&apos;Sank Mehra&apos;]//parent::td//preceding-sibling::td/div/input[@class=&apos;hidden&apos;]
Trying to find Element By : By.xpath: //a[text()=&apos;Sank Mehra&apos;]//parent::td//preceding-sibling::td/div/input[@class=&apos;hidden&apos;]
Found Element By : By.xpath: //a[text()=&apos;Sank Mehra&apos;]//parent::td//preceding-sibling::td/div/input[@class=&apos;hidden&apos;]
Trying to find Element By : By.xpath: //a[text()=&apos;Sank Mehra&apos;]//parent::td//preceding-sibling::td/div/input[@class=&apos;hidden&apos;]
Found Element By : By.xpath: //a[text()=&apos;Sank Mehra&apos;]//parent::td//preceding-sibling::td/div/input[@class=&apos;hidden&apos;]
Trying to find Element By : By.xpath: //a[text()=&apos;Sank Mehra&apos;]//parent::td//preceding-sibling::td/div/input[@class=&apos;hidden&apos;]
Found Element By : By.xpath: //a[text()=&apos;Sank Mehra&apos;]//parent::td//preceding-sibling::td/div/input[@class=&apos;hidden&apos;]
Trying to find Element By : By.xpath: //a[text()=&apos;Sank Mehra&apos;]//parent::td//preceding-sibling::td/div/input[@class=&apos;hidden&apos;]
Found Element By : By.xpath: //a[text()=&apos;Sank Mehra&apos;]//parent::td//preceding-sibling::td/div/input[@class=&apos;hidden&apos;]
Trying to find Element By : By.xpath: //a[text()=&apos;Sank Mehra&apos;]//parent::td//preceding-sibling::td/div/input[@class=&apos;hidden&apos;]
Found Element By : By.xpath: //a[text()=&apos;Sank Mehra&apos;]//parent::td//preceding-sibling::td/div/input[@class=&apos;hidden&apos;]
Trying to find Element By : By.xpath: //a[text()=&apos;Sank Mehra&apos;]//parent::td//preceding-sibling::td/div/input[@class=&apos;hidden&apos;]
Found Element By : By.xpath: //a[text()=&apos;Sank Mehra&apos;]//parent::td//preceding-sibling::td/div/input[@class=&apos;hidden&apos;]
Trying to find Element By : By.xpath: //a[text()=&apos;Sank Mehra&apos;]//parent::td//preceding-sibling::td/div/input[@class=&apos;hidden&apos;]
Found Element By : By.xpath: //a[text()=&apos;Sank Mehra&apos;]//parent::td//preceding-sibling::td/div/input[@class=&apos;hidden&apos;]
Trying to find Element By : By.xpath: //a[text()=&apos;Sank Mehra&apos;]//parent::td//preceding-sibling::td/div/input[@class=&apos;hidden&apos;]
Found Element By : By.xpath: //a[text()=&apos;Sank Mehra&apos;]//parent::td//preceding-sibling::td/div/input[@class=&apos;hidden&apos;]
Trying to find Element By : By.xpath: //a[text()=&apos;Sank Mehra&apos;]//parent::td//preceding-sibling::td/div/input[@class=&apos;hidden&apos;]
Found Element By : By.xpath: //a[text()=&apos;Sank Mehra&apos;]//parent::td//preceding-sibling::td/div/input[@class=&apos;hidden&apos;]
Trying to find Element By : By.xpath: //a[text()=&apos;Sank Mehra&apos;]//parent::td//preceding-sibling::td/div/input[@class=&apos;hidden&apos;]
Found Element By : By.xpath: //a[text()=&apos;Sank Mehra&apos;]//parent::td//preceding-sibling::td/div/input[@class=&apos;hidden&apos;]
Trying to find Element By : By.xpath: //a[text()=&apos;Sank Mehra&apos;]//parent::td//preceding-sibling::td/div/input[@class=&apos;hidden&apos;]
Found Element By : By.xpath: //a[text()=&apos;Sank Mehra&apos;]//parent::td//preceding-sibling::td/div/input[@class=&apos;hidden&apos;]
Trying to find Element By : By.xpath: //a[text()=&apos;Sank Mehra&apos;]//parent::td//preceding-sibling::td/div/input[@class=&apos;hidden&apos;]
Found Element By : By.xpath: //a[text()=&apos;Sank Mehra&apos;]//parent::td//preceding-sibling::td/div/input[@class=&apos;hidden&apos;]
Trying to find Element By : By.xpath: //a[text()=&apos;Sank Mehra&apos;]//parent::td//preceding-sibling::td/div/input[@class=&apos;hidden&apos;]
Found Element By : By.xpath: //a[text()=&apos;Sank Mehra&apos;]//parent::td//preceding-sibling::td/div/input[@class=&apos;hidden&apos;]
Trying to find Element By : By.xpath: //a[text()=&apos;Sank Mehra&apos;]//parent::td//preceding-sibling::td/div/input[@class=&apos;hidden&apos;]
Found Element By : By.xpath: //a[text()=&apos;Sank Mehra&apos;]//parent::td//preceding-sibling::td/div/input[@class=&apos;hidden&apos;]
Trying to find Element By : By.xpath: //a[text()=&apos;Sank Mehra&apos;]//parent::td//preceding-sibling::td/div/input[@class=&apos;hidden&apos;]
Found Element By : By.xpath: //a[text()=&apos;Sank Mehra&apos;]//parent::td//preceding-sibling::td/div/input[@class=&apos;hidden&apos;]
Trying to find Element By : By.xpath: //a[text()=&apos;Sank Mehra&apos;]//parent::td//preceding-sibling::td/div/input[@class=&apos;hidden&apos;]
Found Element By : By.xpath: //a[text()=&apos;Sank Mehra&apos;]//parent::td//preceding-sibling::td/div/input[@class=&apos;hidden&apos;]
Trying to find Element By : By.xpath: //a[text()=&apos;Sank Mehra&apos;]//parent::td//preceding-sibling::td/div/input[@class=&apos;hidden&apos;]
Found Element By : By.xpath: //a[text()=&apos;Sank Mehra&apos;]//parent::td//preceding-sibling::td/div/input[@class=&apos;hidden&apos;]
Trying to find Element By : By.xpath: //a[text()=&apos;Sank Mehra&apos;]//parent::td//preceding-sibling::td/div/input[@class=&apos;hidden&apos;]
Found Element By : By.xpath: //a[text()=&apos;Sank Mehra&apos;]//parent::td//preceding-sibling::td/div/input[@class=&apos;hidden&apos;]
Trying to find Element By : By.xpath: //a[text()=&apos;Sank Mehra&apos;]//parent::td//preceding-sibling::td/div/input[@class=&apos;hidden&apos;]
Found Element By : By.xpath: //a[text()=&apos;Sank Mehra&apos;]//parent::td//preceding-sibling::td/div/input[@class=&apos;hidden&apos;]
Trying to find Element By : By.xpath: //a[text()=&apos;Sank Mehra&apos;]//parent::td//preceding-sibling::td/div/input[@class=&apos;hidden&apos;]
Found Element By : By.xpath: //a[text()=&apos;Sank Mehra&apos;]//parent::td//preceding-sibling::td/div/input[@class=&apos;hidden&apos;]
Trying to find Element By : By.xpath: //a[text()=&apos;Sank Mehra&apos;]//parent::td//preceding-sibling::td/div/input[@class=&apos;hidden&apos;]
Found Element By : By.xpath: //a[text()=&apos;Sank Mehra&apos;]//parent::td//preceding-sibling::td/div/input[@class=&apos;hidden&apos;]
Trying to find Element By : By.xpath: //a[text()=&apos;Sank Mehra&apos;]//parent::td//preceding-sibling::td/div/input[@class=&apos;hidden&apos;]
Found Element By : By.xpath: //a[text()=&apos;Sank Mehra&apos;]//parent::td//preceding-sibling::td/div/input[@class=&apos;hidden&apos;]
Trying to find Element By : By.xpath: //a[text()=&apos;Sank Mehra&apos;]//parent::td//preceding-sibling::td/div/input[@class=&apos;hidden&apos;]
Found Element By : By.xpath: //a[text()=&apos;Sank Mehra&apos;]//parent::td//preceding-sibling::td/div/input[@class=&apos;hidden&apos;]
Trying to find Element By : By.xpath: //a[text()=&apos;Sank Mehra&apos;]//parent::td//preceding-sibling::td/div/input[@class=&apos;hidden&apos;]
Found Element By : By.xpath: //a[text()=&apos;Sank Mehra&apos;]//parent::td//preceding-sibling::td/div/input[@class=&apos;hidden&apos;]
Trying to find Element By : By.xpath: //a[text()=&apos;Sank Mehra&apos;]//parent::td//preceding-sibling::td/div/input[@class=&apos;hidden&apos;]
Found Element By : By.xpath: //a[text()=&apos;Sank Mehra&apos;]//parent::td//preceding-sibling::td/div/input[@class=&apos;hidden&apos;]
Trying to find Element By : By.xpath: //a[text()=&apos;Sank Mehra&apos;]//parent::td//preceding-sibling::td/div/input[@class=&apos;hidden&apos;]
Found Element By : By.xpath: //a[text()=&apos;Sank Mehra&apos;]//parent::td//preceding-sibling::td/div/input[@class=&apos;hidden&apos;]
Trying to find Element By : By.xpath: //a[text()=&apos;Sank Mehra&apos;]//parent::td//preceding-sibling::td/div/input[@class=&apos;hidden&apos;]
Found Element By : By.xpath: //a[text()=&apos;Sank Mehra&apos;]//parent::td//preceding-sibling::td/div/input[@class=&apos;hidden&apos;]
Trying to find Element By : By.xpath: //a[text()=&apos;Sank Mehra&apos;]//parent::td//preceding-sibling::td/div/input[@class=&apos;hidden&apos;]
Found Element By : By.xpath: //a[text()=&apos;Sank Mehra&apos;]//parent::td//preceding-sibling::td/div/input[@class=&apos;hidden&apos;]
Trying to find Element By : By.xpath: //a[text()=&apos;Sank Mehra&apos;]//parent::td//preceding-sibling::td/div/input[@class=&apos;hidden&apos;]
Found Element By : By.xpath: //a[text()=&apos;Sank Mehra&apos;]//parent::td//preceding-sibling::td/div/input[@class=&apos;hidden&apos;]
Trying to find Element By : By.xpath: //a[text()=&apos;Sank Mehra&apos;]//parent::td//preceding-sibling::td/div/input[@class=&apos;hidden&apos;]
Found Element By : By.xpath: //a[text()=&apos;Sank Mehra&apos;]//parent::td//preceding-sibling::td/div/input[@class=&apos;hidden&apos;]
</system-out>
    <system-err>Starting ChromeDriver 90.0.4430.24 (4c6d850f087da467d926e8eddb76550aed655991-refs/branch-heads/4430@{#429}) on port 26857
Only local connections are allowed.
Please see https://chromedriver.chromium.org/security-considerations for suggestions on keeping ChromeDriver safe.
ChromeDriver was started successfully.
May 21, 2021 1:30:36 PM org.openqa.selenium.remote.ProtocolHandshake createSession
INFO: Detected dialect: W3C
</system-err>
  </testcase>
  <testcase classname="com.crm.qa.testcases.ContactsPageTest" name="validateCreateNewContact" time="26.022">
    <failure message="
[public void com.crm.qa.testcases.ContactsPageTest.validateCreateNewContact(java.lang.String,java.lang.String)] has no parameters defined but was found to be using a data provider (either explicitly specified or inherited from class level annotation).
Data provider mismatch
Method: validateCreateNewContact([Parameter{index=0, type=java.lang.String, declaredAnnotations=[]}, Parameter{index=1, type=java.lang.String, declaredAnnotations=[]}])
Arguments: [(java.lang.String) Mr.,(java.lang.String) Karan,(java.lang.String) Jamwal,(java.lang.String) Google]" type="org.testng.internal.reflect.MethodMatcherException">org.testng.internal.reflect.MethodMatcherException: 
[public void com.crm.qa.testcases.ContactsPageTest.validateCreateNewContact(java.lang.String,java.lang.String)] has no parameters defined but was found to be using a data provider (either explicitly specified or inherited from class level annotation).
Data provider mismatch
Method: validateCreateNewContact([Parameter{index=0, type=java.lang.String, declaredAnnotations=[]}, Parameter{index=1, type=java.lang.String, declaredAnnotations=[]}])
Arguments: [(java.lang.String) Mr.,(java.lang.String) Karan,(java.lang.String) Jamwal,(java.lang.String) Google]
	at org.testng.internal.reflect.DataProviderMethodMatcher.getConformingArguments(DataProviderMethodMatcher.java:43)
	at org.testng.internal.Parameters.injectParameters(Parameters.java:914)
	at org.testng.internal.MethodRunner.runInSequence(MethodRunner.java:34)
	at org.testng.internal.TestInvoker$MethodInvocationAgent.invoke(TestInvoker.java:824)
	at org.testng.internal.TestInvoker.invokeTestMethods(TestInvoker.java:146)
	at org.testng.internal.TestMethodWorker.invokeTestMethods(TestMethodWorker.java:146)
	at org.testng.internal.TestMethodWorker.run(TestMethodWorker.java:128)
	at java.util.ArrayList.forEach(ArrayList.java:1259)
	at org.testng.TestRunner.privateRun(TestRunner.java:794)
	at org.testng.TestRunner.run(TestRunner.java:596)
	at org.testng.SuiteRunner.runTest(SuiteRunner.java:377)
	at org.testng.SuiteRunner.runSequentially(SuiteRunner.java:371)
	at org.testng.SuiteRunner.privateRun(SuiteRunner.java:332)
	at org.testng.SuiteRunner.run(SuiteRunner.java:276)
	at org.testng.SuiteRunnerWorker.runSuite(SuiteRunnerWorker.java:53)
	at org.testng.SuiteRunnerWorker.run(SuiteRunnerWorker.java:96)
	at org.testng.TestNG.runSuitesSequentially(TestNG.java:1212)
	at org.testng.TestNG.runSuitesLocally(TestNG.java:1134)
	at org.testng.TestNG.runSuites(TestNG.java:1063)
	at org.testng.TestNG.run(TestNG.java:1031)
	at org.apache.maven.surefire.testng.TestNGExecutor.run(TestNGExecutor.java:77)
	at org.apache.maven.surefire.testng.TestNGDirectoryTestSuite.executeMulti(TestNGDirectoryTestSuite.java:159)
	at org.apache.maven.surefire.testng.TestNGDirectoryTestSuite.execute(TestNGDirectoryTestSuite.java:99)
	at org.apache.maven.surefire.testng.TestNGProvider.invoke(TestNGProvider.java:106)
	at sun.reflect.NativeMethodAccessorImpl.invoke0(Native Method)
	at sun.reflect.NativeMethodAccessorImpl.invoke(NativeMethodAccessorImpl.java:62)
	at sun.reflect.DelegatingMethodAccessorImpl.invoke(DelegatingMethodAccessorImpl.java:43)
	at java.lang.reflect.Method.invoke(Method.java:498)
	at org.apache.maven.surefire.util.ReflectionUtils.invokeMethodWithArray(ReflectionUtils.java:189)
	at org.apache.maven.surefire.booter.ProviderFactory$ProviderProxy.invoke(ProviderFactory.java:165)
	at org.apache.maven.surefire.booter.ProviderFactory.invokeProvider(ProviderFactory.java:85)
	at org.apache.maven.surefire.booter.ForkedBooter.runSuitesInProcess(ForkedBooter.java:115)
	at org.apache.maven.surefire.booter.ForkedBooter.main(ForkedBooter.java:75)
</failure>
  </testcase>
  <testcase classname="com.crm.qa.testcases.LoginPageTest" name="loginPageTitleTest" time="0.011"/>
  <testcase classname="com.crm.qa.testcases.LoginPageTest" name="loginTest" time="2.207"/>
  <testcase classname="com.crm.qa.testcases.RegisterPageTest" name="verifyRegisterPageTitleTest" time="0.004"/>
  <testcase classname="com.crm.qa.testcases.RegisterPageTest" name="verifyCorrectPageNameTest" time="1.161"/>
  <testcase classname="com.crm.qa.testcases.RegisterPageTest" name="verifyContactsLinkTest" time="2.364"/>
</testsuite>