<?xml version="1.0" encoding="UTF-8"?>
<testng-results ignored="0" total="2" passed="2" failed="0" skipped="0">
  <reporter-output>
  </reporter-output>
  <suite started-at="2021-05-21T10:35:44 IST" name="Default suite" finished-at="2021-05-21T10:35:54 IST" duration-ms="10039">
    <groups>
    </groups>
    <test started-at="2021-05-21T10:35:44 IST" name="Default test" finished-at="2021-05-21T10:35:54 IST" duration-ms="10039">
      <class name="com.crm.qa.testcases.LoginPageTest">
        <test-method is-config="true" signature="setUp()[pri:0, instance:com.crm.qa.testcases.LoginPageTest@1cf6d1be]" started-at="2021-05-21T10:35:44 IST" name="setUp" finished-at="2021-05-21T10:35:47 IST" duration-ms="2903" status="PASS">
          <reporter-output>
          </reporter-output>
        </test-method> <!-- setUp -->
        <test-method signature="loginPageTitleTest()[pri:1, instance:com.crm.qa.testcases.LoginPageTest@1cf6d1be]" started-at="2021-05-21T10:35:47 IST" name="loginPageTitleTest" finished-at="2021-05-21T10:35:47 IST" duration-ms="18" status="PASS">
          <reporter-output>
          </reporter-output>
        </test-method> <!-- loginPageTitleTest -->
        <test-method is-config="true" signature="tearDown()[pri:0, instance:com.crm.qa.testcases.LoginPageTest@1cf6d1be]" started-at="2021-05-21T10:35:47 IST" name="tearDown" finished-at="2021-05-21T10:35:47 IST" duration-ms="637" status="PASS">
          <reporter-output>
          </reporter-output>
        </test-method> <!-- tearDown -->
        <test-method is-config="true" signature="setUp()[pri:0, instance:com.crm.qa.testcases.LoginPageTest@1cf6d1be]" started-at="2021-05-21T10:35:47 IST" name="setUp" finished-at="2021-05-21T10:35:50 IST" duration-ms="2733" status="PASS">
          <reporter-output>
          </reporter-output>
        </test-method> <!-- setUp -->
        <test-method signature="loginTest()[pri:2, instance:com.crm.qa.testcases.LoginPageTest@1cf6d1be]" started-at="2021-05-21T10:35:50 IST" name="loginTest" finished-at="2021-05-21T10:35:53 IST" duration-ms="3071" status="PASS">
          <reporter-output>
          </reporter-output>
        </test-method> <!-- loginTest -->
        <test-method is-config="true" signature="tearDown()[pri:0, instance:com.crm.qa.testcases.LoginPageTest@1cf6d1be]" started-at="2021-05-21T10:35:53 IST" name="tearDown" finished-at="2021-05-21T10:35:54 IST" duration-ms="643" status="PASS">
          <reporter-output>
          </reporter-output>
        </test-method> <!-- tearDown -->
      </class> <!-- com.crm.qa.testcases.LoginPageTest -->
    </test> <!-- Default test -->
  </suite> <!-- Default suite -->
</testng-results>
